::1 - - [22/Feb/2023:16:15:17 +0100] "GET /phpmyadmin/ HTTP/1.1" 200 45327
::1 - - [22/Feb/2023:16:15:17 +0100] "GET /phpmyadmin/phpmyadmin.css.php?server=1&token=d681a79ef1267ac1665dda8d66c86061&nocache=6702622224ltr HTTP/1.1" 200 92653
::1 - - [22/Feb/2023:16:15:17 +0100] "GET /phpmyadmin/version_check.php?&_nocache=1677078917851440645 HTTP/1.1" 200 39
::1 - - [22/Feb/2023:16:15:22 +0100] "GET /phpmyadmin/navigation.php?ajax_request=1&token=d681a79ef1267ac1665dda8d66c86061&aPath=cm9vdA%3D%3D.Z2lw&vPath=cm9vdA%3D%3D.Z2lw&pos=0&pos2_name=&pos2_value=&searchClause=&searchClause2=&_nocache=1677078922072502748 HTTP/1.1" 200 4366
::1 - - [22/Feb/2023:16:15:23 +0100] "GET /phpmyadmin/sql.php?server=1&db=gip&table=producten&pos=0&token=d681a79ef1267ac1665dda8d66c86061&ajax_request=true&ajax_page_request=true&menuHashes=fa94d49c&_nocache=1677078923164107272 HTTP/1.1" 200 42352
::1 - - [22/Feb/2023:16:15:23 +0100] "GET /phpmyadmin/themes/pmahomme/img/s_fulltext.png HTTP/1.1" 200 193
::1 - - [22/Feb/2023:16:15:23 +0100] "GET /phpmyadmin/js/get_scripts.js.php?scripts[]=tbl_change.js&scripts[]=tbl_structure.js&scripts[]=gis_data_editor.js&scripts[]=makegrid.js&scripts[]=sql.js HTTP/1.1" 200 57302
::1 - - [22/Feb/2023:16:15:23 +0100] "GET /phpmyadmin/themes/pmahomme/img/col_pointer.png HTTP/1.1" 200 113
::1 - - [22/Feb/2023:16:15:23 +0100] "GET /phpmyadmin/themes/pmahomme/img/col_drop.png HTTP/1.1" 200 132
::1 - - [22/Feb/2023:16:15:23 +0100] "GET /phpmyadmin/index.php?ajax_request=1&recent_table=1&token=d681a79ef1267ac1665dda8d66c86061 HTTP/1.1" 200 211
::1 - - [22/Feb/2023:16:17:17 +0100] "GET /phpmyadmin/ HTTP/1.1" 200 45327
::1 - - [22/Feb/2023:16:17:18 +0100] "GET /phpmyadmin/version_check.php?&_nocache=1677079038220160575 HTTP/1.1" 200 39
::1 - - [22/Feb/2023:16:17:19 +0100] "GET /phpmyadmin/navigation.php?ajax_request=1&token=d681a79ef1267ac1665dda8d66c86061&aPath=cm9vdA%3D%3D.Z2lw&vPath=cm9vdA%3D%3D.Z2lw&pos=0&pos2_name=&pos2_value=&searchClause=&searchClause2=&_nocache=1677079039429807777 HTTP/1.1" 200 4366
::1 - - [22/Feb/2023:16:17:35 +0100] "GET /phpmyadmin/navigation.php?ajax_request=1&token=d681a79ef1267ac1665dda8d66c86061&aPath=cm9vdA%3D%3D.Z2lw.dGFibGVz.cHJvZHVjdGVu&vPath=cm9vdA%3D%3D.Z2lw.VGFiZWxsZW4%3D.cHJvZHVjdGVu&pos=0&pos2_name=tables&pos2_value=0&searchClause=&searchClause2=&_nocache=1677079055165958496 HTTP/1.1" 200 3420
::1 - - [22/Feb/2023:16:17:37 +0100] "GET /phpmyadmin/navigation.php?ajax_request=1&token=d681a79ef1267ac1665dda8d66c86061&aPath=cm9vdA%3D%3D.Z2lw.dGFibGVz.cHJvZHVjdGVu.Y29sdW1ucw%3D%3D&vPath=cm9vdA%3D%3D.Z2lw.VGFiZWxsZW4%3D.cHJvZHVjdGVu.S29sb21tZW4%3D&pos=0&pos2_name=tables&pos2_value=0&searchClause=&searchClause2=&_nocache=1677079057479399601 HTTP/1.1" 200 3925
::1 - - [22/Feb/2023:16:18:16 +0100] "GET /phpmyadmin/tbl_structure.php?server=1&db=gip&table=producten&token=d681a79ef1267ac1665dda8d66c86061&ajax_request=true&ajax_page_request=true&menuHashes=fa94d49c&_nocache=1677079096146940816 HTTP/1.1" 200 38385
::1 - - [22/Feb/2023:16:18:16 +0100] "GET /phpmyadmin/js/get_scripts.js.php?scripts[]=tbl_structure.js HTTP/1.1" 200 7496
::1 - - [22/Feb/2023:16:18:16 +0100] "GET /phpmyadmin/index.php?ajax_request=1&recent_table=1&token=d681a79ef1267ac1665dda8d66c86061 HTTP/1.1" 200 211
::1 - - [22/Feb/2023:16:37:30 +0100] "GET /phpmyadmin/ HTTP/1.1" 200 45327
::1 - - [22/Feb/2023:16:37:30 +0100] "GET /phpmyadmin/js/get_scripts.js.php?scripts[]=jquery/jquery-1.8.3.js&scripts[]=ajax.js&scripts[]=keyhandler.js&scripts[]=jquery/jquery-ui-1.9.2.custom.js&scripts[]=jquery/jquery.sprintf.js&scripts[]=jquery/jquery.cookie.js&scripts[]=jquery/jquery.mousewheel.js&scripts[]=jquery/jquery.event.drag-2.2.js&scripts[]=jquery/jquery-ui-timepicker-addon.js&scripts[]=jquery/jquery.ba-hashchange-1.3.js&scripts[]=jquery/jquery.debounce-1.0.5.js&scripts[]=jquery/jquery.menuResizer-1.0.js&scripts[]=rte.js&scripts[]=functions.js&scripts[]=navigation.js&scripts[]=indexes.js&scripts[]=common.js&scripts[]=codemirror/lib/codemirror.js&scripts[]=codemirror/mode/mysql/mysql.js HTTP/1.1" 200 578621
::1 - - [22/Feb/2023:16:37:30 +0100] "GET /phpmyadmin/version_check.php?&_nocache=1677080250875100913 HTTP/1.1" 200 39
::1 - - [22/Feb/2023:16:37:34 +0100] "GET /phpmyadmin/db_structure.php?server=1&db=gip&token=d681a79ef1267ac1665dda8d66c86061&ajax_request=true&ajax_page_request=true&menuHashes=fa94d49c&_nocache=167708025413951212 HTTP/1.1" 200 23608
::1 - - [22/Feb/2023:16:37:34 +0100] "GET /phpmyadmin/js/get_scripts.js.php?scripts[]=db_structure.js&scripts[]=tbl_change.js HTTP/1.1" 200 12382
::1 - - [22/Feb/2023:16:37:35 +0100] "GET /phpmyadmin/db_export.php?db=gip&token=d681a79ef1267ac1665dda8d66c86061&ajax_request=true&ajax_page_request=true&menuHashes=fa94d49c-495c2883&_nocache=1677080255709352203 HTTP/1.1" 200 36178
::1 - - [22/Feb/2023:16:37:35 +0100] "GET /phpmyadmin/js/get_scripts.js.php?scripts[]=export.js HTTP/1.1" 200 5954
::1 - - [22/Feb/2023:16:37:43 +0100] "POST /phpmyadmin/export.php HTTP/1.1" 200 4884
